<?xml version="1.0" encoding="utf-8"?>
<!DOCTYPE coverage SYSTEM "http://cobertura.sourceforge.net/xml/coverage-04.dtd">
<coverage line-rate="0.7362204724409449" branch-rate="0.7203389830508474" lines-covered="561" lines-valid="762" branches-covered="85" branches-valid="118" complexity="173" version="0" timestamp="1709413606">
  <sources>
    <source>D:\a\RamzPardakht\RamzPardakht\src\</source>
  </sources>
  <packages>
    <package name="RamzPardakht.ApplicationCore" line-rate="0.21693121693121692" branch-rate="1" complexity="28">
      <classes>
        <class name="RamzPardakht.ApplicationCore.ApplicationCoreSetup" filename="D:\a\RamzPardakht\RamzPardakht\src\RamzPardakht.ApplicationCore\ApplicationCoreSetup.cs" line-rate="1" branch-rate="1" complexity="1">
          <methods>
            <method name="AddApplication" signature="(Microsoft.Extensions.DependencyInjection.IServiceCollection)" line-rate="1" branch-rate="1" complexity="1">
              <lines>
                <line number="10" hits="11" branch="false" />
                <line number="11" hits="11" branch="false" />
                <line number="12" hits="11" branch="false" />
                <line number="13" hits="11" branch="false" />
              </lines>
            </method>
          </methods>
          <lines>
            <line number="10" hits="11" branch="false" />
            <line number="11" hits="11" branch="false" />
            <line number="12" hits="11" branch="false" />
            <line number="13" hits="11" branch="false" />
          </lines>
        </class>
        <class name="RamzPardakht.ApplicationCore.Resources.CustomIdentityErrorDescriber" filename="D:\a\RamzPardakht\RamzPardakht\src\RamzPardakht.ApplicationCore\Resources\CustomIdentityErrorDescriber.cs" line-rate="0.06918238993710692" branch-rate="1" complexity="23">
          <methods>
            <method name="ConcurrencyFailure" signature="()" line-rate="0" branch-rate="1" complexity="1">
              <lines>
                <line number="19" hits="0" branch="false" />
                <line number="20" hits="0" branch="false" />
                <line number="21" hits="0" branch="false" />
                <line number="22" hits="0" branch="false" />
                <line number="23" hits="0" branch="false" />
                <line number="24" hits="0" branch="false" />
                <line number="25" hits="0" branch="false" />
              </lines>
            </method>
            <method name="DefaultError" signature="()" line-rate="0" branch-rate="1" complexity="1">
              <lines>
                <line number="28" hits="0" branch="false" />
                <line number="29" hits="0" branch="false" />
                <line number="30" hits="0" branch="false" />
                <line number="31" hits="0" branch="false" />
                <line number="32" hits="0" branch="false" />
                <line number="33" hits="0" branch="false" />
                <line number="34" hits="0" branch="false" />
              </lines>
            </method>
            <method name="DuplicateEmail" signature="(System.String)" line-rate="0" branch-rate="1" complexity="1">
              <lines>
                <line number="37" hits="0" branch="false" />
                <line number="38" hits="0" branch="false" />
                <line number="39" hits="0" branch="false" />
                <line number="40" hits="0" branch="false" />
                <line number="41" hits="0" branch="false" />
                <line number="42" hits="0" branch="false" />
                <line number="43" hits="0" branch="false" />
              </lines>
            </method>
            <method name="DuplicateRoleName" signature="(System.String)" line-rate="0" branch-rate="1" complexity="1">
              <lines>
                <line number="46" hits="0" branch="false" />
                <line number="47" hits="0" branch="false" />
                <line number="48" hits="0" branch="false" />
                <line number="49" hits="0" branch="false" />
                <line number="50" hits="0" branch="false" />
                <line number="51" hits="0" branch="false" />
                <line number="52" hits="0" branch="false" />
              </lines>
            </method>
            <method name="DuplicateUserName" signature="(System.String)" line-rate="1" branch-rate="1" complexity="1">
              <lines>
                <line number="55" hits="1" branch="false" />
                <line number="56" hits="1" branch="false" />
                <line number="57" hits="1" branch="false" />
                <line number="58" hits="1" branch="false" />
                <line number="59" hits="1" branch="false" />
                <line number="60" hits="1" branch="false" />
                <line number="61" hits="1" branch="false" />
              </lines>
            </method>
            <method name="InvalidEmail" signature="(System.String)" line-rate="0" branch-rate="1" complexity="1">
              <lines>
                <line number="64" hits="0" branch="false" />
                <line number="65" hits="0" branch="false" />
                <line number="66" hits="0" branch="false" />
                <line number="67" hits="0" branch="false" />
                <line number="68" hits="0" branch="false" />
                <line number="69" hits="0" branch="false" />
                <line number="70" hits="0" branch="false" />
              </lines>
            </method>
            <method name="InvalidRoleName" signature="(System.String)" line-rate="0" branch-rate="1" complexity="1">
              <lines>
                <line number="73" hits="0" branch="false" />
                <line number="74" hits="0" branch="false" />
                <line number="75" hits="0" branch="false" />
                <line number="76" hits="0" branch="false" />
                <line number="77" hits="0" branch="false" />
                <line number="78" hits="0" branch="false" />
                <line number="79" hits="0" branch="false" />
              </lines>
            </method>
            <method name="InvalidToken" signature="()" line-rate="0" branch-rate="1" complexity="1">
              <lines>
                <line number="82" hits="0" branch="false" />
                <line number="83" hits="0" branch="false" />
                <line number="84" hits="0" branch="false" />
                <line number="85" hits="0" branch="false" />
                <line number="86" hits="0" branch="false" />
                <line number="87" hits="0" branch="false" />
                <line number="88" hits="0" branch="false" />
              </lines>
            </method>
            <method name="InvalidUserName" signature="(System.String)" line-rate="0" branch-rate="1" complexity="1">
              <lines>
                <line number="91" hits="0" branch="false" />
                <line number="92" hits="0" branch="false" />
                <line number="93" hits="0" branch="false" />
                <line number="94" hits="0" branch="false" />
                <line number="95" hits="0" branch="false" />
                <line number="96" hits="0" branch="false" />
                <line number="97" hits="0" branch="false" />
                <line number="98" hits="0" branch="false" />
              </lines>
            </method>
            <method name="LoginAlreadyAssociated" signature="()" line-rate="0" branch-rate="1" complexity="1">
              <lines>
                <line number="101" hits="0" branch="false" />
                <line number="102" hits="0" branch="false" />
                <line number="103" hits="0" branch="false" />
                <line number="104" hits="0" branch="false" />
                <line number="105" hits="0" branch="false" />
                <line number="106" hits="0" branch="false" />
                <line number="107" hits="0" branch="false" />
              </lines>
            </method>
            <method name="PasswordMismatch" signature="()" line-rate="0" branch-rate="1" complexity="1">
              <lines>
                <line number="110" hits="0" branch="false" />
                <line number="111" hits="0" branch="false" />
                <line number="112" hits="0" branch="false" />
                <line number="113" hits="0" branch="false" />
                <line number="114" hits="0" branch="false" />
                <line number="115" hits="0" branch="false" />
                <line number="116" hits="0" branch="false" />
              </lines>
            </method>
            <method name="PasswordRequiresDigit" signature="()" line-rate="0" branch-rate="1" complexity="1">
              <lines>
                <line number="119" hits="0" branch="false" />
                <line number="120" hits="0" branch="false" />
                <line number="121" hits="0" branch="false" />
                <line number="122" hits="0" branch="false" />
                <line number="123" hits="0" branch="false" />
                <line number="124" hits="0" branch="false" />
                <line number="125" hits="0" branch="false" />
              </lines>
            </method>
            <method name="PasswordRequiresLower" signature="()" line-rate="0" branch-rate="1" complexity="1">
              <lines>
                <line number="128" hits="0" branch="false" />
                <line number="129" hits="0" branch="false" />
                <line number="130" hits="0" branch="false" />
                <line number="131" hits="0" branch="false" />
                <line number="132" hits="0" branch="false" />
                <line number="133" hits="0" branch="false" />
                <line number="134" hits="0" branch="false" />
              </lines>
            </method>
            <method name="PasswordRequiresNonAlphanumeric" signature="()" line-rate="0" branch-rate="1" complexity="1">
              <lines>
                <line number="137" hits="0" branch="false" />
                <line number="138" hits="0" branch="false" />
                <line number="139" hits="0" branch="false" />
                <line number="140" hits="0" branch="false" />
                <line number="141" hits="0" branch="false" />
                <line number="142" hits="0" branch="false" />
                <line number="143" hits="0" branch="false" />
              </lines>
            </method>
            <method name="PasswordRequiresUniqueChars" signature="(System.Int32)" line-rate="0" branch-rate="1" complexity="1">
              <lines>
                <line number="146" hits="0" branch="false" />
                <line number="147" hits="0" branch="false" />
                <line number="148" hits="0" branch="false" />
                <line number="149" hits="0" branch="false" />
                <line number="150" hits="0" branch="false" />
                <line number="151" hits="0" branch="false" />
                <line number="152" hits="0" branch="false" />
              </lines>
            </method>
            <method name="PasswordRequiresUpper" signature="()" line-rate="0" branch-rate="1" complexity="1">
              <lines>
                <line number="155" hits="0" branch="false" />
                <line number="156" hits="0" branch="false" />
                <line number="157" hits="0" branch="false" />
                <line number="158" hits="0" branch="false" />
                <line number="159" hits="0" branch="false" />
                <line number="160" hits="0" branch="false" />
                <line number="161" hits="0" branch="false" />
              </lines>
            </method>
            <method name="PasswordTooShort" signature="(System.Int32)" line-rate="0" branch-rate="1" complexity="1">
              <lines>
                <line number="164" hits="0" branch="false" />
                <line number="165" hits="0" branch="false" />
                <line number="166" hits="0" branch="false" />
                <line number="167" hits="0" branch="false" />
                <line number="168" hits="0" branch="false" />
                <line number="169" hits="0" branch="false" />
                <line number="170" hits="0" branch="false" />
              </lines>
            </method>
            <method name="RecoveryCodeRedemptionFailed" signature="()" line-rate="0" branch-rate="1" complexity="1">
              <lines>
                <line number="173" hits="0" branch="false" />
                <line number="174" hits="0" branch="false" />
                <line number="175" hits="0" branch="false" />
                <line number="176" hits="0" branch="false" />
                <line number="177" hits="0" branch="false" />
                <line number="178" hits="0" branch="false" />
                <line number="179" hits="0" branch="false" />
              </lines>
            </method>
            <method name="UserAlreadyHasPassword" signature="()" line-rate="0" branch-rate="1" complexity="1">
              <lines>
                <line number="182" hits="0" branch="false" />
                <line number="183" hits="0" branch="false" />
                <line number="184" hits="0" branch="false" />
                <line number="185" hits="0" branch="false" />
                <line number="186" hits="0" branch="false" />
                <line number="187" hits="0" branch="false" />
                <line number="188" hits="0" branch="false" />
              </lines>
            </method>
            <method name="UserAlreadyInRole" signature="(System.String)" line-rate="0" branch-rate="1" complexity="1">
              <lines>
                <line number="191" hits="0" branch="false" />
                <line number="192" hits="0" branch="false" />
                <line number="193" hits="0" branch="false" />
                <line number="194" hits="0" branch="false" />
                <line number="195" hits="0" branch="false" />
                <line number="196" hits="0" branch="false" />
                <line number="197" hits="0" branch="false" />
              </lines>
            </method>
            <method name="UserLockoutNotEnabled" signature="()" line-rate="0" branch-rate="1" complexity="1">
              <lines>
                <line number="200" hits="0" branch="false" />
                <line number="201" hits="0" branch="false" />
                <line number="202" hits="0" branch="false" />
                <line number="203" hits="0" branch="false" />
                <line number="204" hits="0" branch="false" />
                <line number="205" hits="0" branch="false" />
                <line number="206" hits="0" branch="false" />
              </lines>
            </method>
            <method name="UserNotInRole" signature="(System.String)" line-rate="0" branch-rate="1" complexity="1">
              <lines>
                <line number="209" hits="0" branch="false" />
                <line number="210" hits="0" branch="false" />
                <line number="211" hits="0" branch="false" />
                <line number="212" hits="0" branch="false" />
                <line number="213" hits="0" branch="false" />
                <line number="214" hits="0" branch="false" />
                <line number="215" hits="0" branch="false" />
              </lines>
            </method>
            <method name=".ctor" signature="(Microsoft.Extensions.Localization.IStringLocalizer`1&lt;RamzPardakht.ApplicationCore.Resources.SharedResource&gt;)" line-rate="1" branch-rate="1" complexity="1">
              <lines>
                <line number="13" hits="69" branch="false" />
                <line number="14" hits="69" branch="false" />
                <line number="15" hits="69" branch="false" />
                <line number="16" hits="69" branch="false" />
              </lines>
            </method>
          </methods>
          <lines>
            <line number="13" hits="69" branch="false" />
            <line number="14" hits="69" branch="false" />
            <line number="15" hits="69" branch="false" />
            <line number="16" hits="69" branch="false" />
            <line number="19" hits="0" branch="false" />
            <line number="20" hits="0" branch="false" />
            <line number="21" hits="0" branch="false" />
            <line number="22" hits="0" branch="false" />
            <line number="23" hits="0" branch="false" />
            <line number="24" hits="0" branch="false" />
            <line number="25" hits="0" branch="false" />
            <line number="28" hits="0" branch="false" />
            <line number="29" hits="0" branch="false" />
            <line number="30" hits="0" branch="false" />
            <line number="31" hits="0" branch="false" />
            <line number="32" hits="0" branch="false" />
            <line number="33" hits="0" branch="false" />
            <line number="34" hits="0" branch="false" />
            <line number="37" hits="0" branch="false" />
            <line number="38" hits="0" branch="false" />
            <line number="39" hits="0" branch="false" />
            <line number="40" hits="0" branch="false" />
            <line number="41" hits="0" branch="false" />
            <line number="42" hits="0" branch="false" />
            <line number="43" hits="0" branch="false" />
            <line number="46" hits="0" branch="false" />
            <line number="47" hits="0" branch="false" />
            <line number="48" hits="0" branch="false" />
            <line number="49" hits="0" branch="false" />
            <line number="50" hits="0" branch="false" />
            <line number="51" hits="0" branch="false" />
            <line number="52" hits="0" branch="false" />
            <line number="55" hits="1" branch="false" />
            <line number="56" hits="1" branch="false" />
            <line number="57" hits="1" branch="false" />
            <line number="58" hits="1" branch="false" />
            <line number="59" hits="1" branch="false" />
            <line number="60" hits="1" branch="false" />
            <line number="61" hits="1" branch="false" />
            <line number="64" hits="0" branch="false" />
            <line number="65" hits="0" branch="false" />
            <line number="66" hits="0" branch="false" />
            <line number="67" hits="0" branch="false" />
            <line number="68" hits="0" branch="false" />
            <line number="69" hits="0" branch="false" />
            <line number="70" hits="0" branch="false" />
            <line number="73" hits="0" branch="false" />
            <line number="74" hits="0" branch="false" />
            <line number="75" hits="0" branch="false" />
            <line number="76" hits="0" branch="false" />
            <line number="77" hits="0" branch="false" />
            <line number="78" hits="0" branch="false" />
            <line number="79" hits="0" branch="false" />
            <line number="82" hits="0" branch="false" />
            <line number="83" hits="0" branch="false" />
            <line number="84" hits="0" branch="false" />
            <line number="85" hits="0" branch="false" />
            <line number="86" hits="0" branch="false" />
            <line number="87" hits="0" branch="false" />
            <line number="88" hits="0" branch="false" />
            <line number="91" hits="0" branch="false" />
            <line number="92" hits="0" branch="false" />
            <line number="93" hits="0" branch="false" />
            <line number="94" hits="0" branch="false" />
            <line number="95" hits="0" branch="false" />
            <line number="96" hits="0" branch="false" />
            <line number="97" hits="0" branch="false" />
            <line number="98" hits="0" branch="false" />
            <line number="101" hits="0" branch="false" />
            <line number="102" hits="0" branch="false" />
            <line number="103" hits="0" branch="false" />
            <line number="104" hits="0" branch="false" />
            <line number="105" hits="0" branch="false" />
            <line number="106" hits="0" branch="false" />
            <line number="107" hits="0" branch="false" />
            <line number="110" hits="0" branch="false" />
            <line number="111" hits="0" branch="false" />
            <line number="112" hits="0" branch="false" />
            <line number="113" hits="0" branch="false" />
            <line number="114" hits="0" branch="false" />
            <line number="115" hits="0" branch="false" />
            <line number="116" hits="0" branch="false" />
            <line number="119" hits="0" branch="false" />
            <line number="120" hits="0" branch="false" />
            <line number="121" hits="0" branch="false" />
            <line number="122" hits="0" branch="false" />
            <line number="123" hits="0" branch="false" />
            <line number="124" hits="0" branch="false" />
            <line number="125" hits="0" branch="false" />
            <line number="128" hits="0" branch="false" />
            <line number="129" hits="0" branch="false" />
            <line number="130" hits="0" branch="false" />
            <line number="131" hits="0" branch="false" />
            <line number="132" hits="0" branch="false" />
            <line number="133" hits="0" branch="false" />
            <line number="134" hits="0" branch="false" />
            <line number="137" hits="0" branch="false" />
            <line number="138" hits="0" branch="false" />
            <line number="139" hits="0" branch="false" />
            <line number="140" hits="0" branch="false" />
            <line number="141" hits="0" branch="false" />
            <line number="142" hits="0" branch="false" />
            <line number="143" hits="0" branch="false" />
            <line number="146" hits="0" branch="false" />
            <line number="147" hits="0" branch="false" />
            <line number="148" hits="0" branch="false" />
            <line number="149" hits="0" branch="false" />
            <line number="150" hits="0" branch="false" />
            <line number="151" hits="0" branch="false" />
            <line number="152" hits="0" branch="false" />
            <line number="155" hits="0" branch="false" />
            <line number="156" hits="0" branch="false" />
            <line number="157" hits="0" branch="false" />
            <line number="158" hits="0" branch="false" />
            <line number="159" hits="0" branch="false" />
            <line number="160" hits="0" branch="false" />
            <line number="161" hits="0" branch="false" />
            <line number="164" hits="0" branch="false" />
            <line number="165" hits="0" branch="false" />
            <line number="166" hits="0" branch="false" />
            <line number="167" hits="0" branch="false" />
            <line number="168" hits="0" branch="false" />
            <line number="169" hits="0" branch="false" />
            <line number="170" hits="0" branch="false" />
            <line number="173" hits="0" branch="false" />
            <line number="174" hits="0" branch="false" />
            <line number="175" hits="0" branch="false" />
            <line number="176" hits="0" branch="false" />
            <line number="177" hits="0" branch="false" />
            <line number="178" hits="0" branch="false" />
            <line number="179" hits="0" branch="false" />
            <line number="182" hits="0" branch="false" />
            <line number="183" hits="0" branch="false" />
            <line number="184" hits="0" branch="false" />
            <line number="185" hits="0" branch="false" />
            <line number="186" hits="0" branch="false" />
            <line number="187" hits="0" branch="false" />
            <line number="188" hits="0" branch="false" />
            <line number="191" hits="0" branch="false" />
            <line number="192" hits="0" branch="false" />
            <line number="193" hits="0" branch="false" />
            <line number="194" hits="0" branch="false" />
            <line number="195" hits="0" branch="false" />
            <line number="196" hits="0" branch="false" />
            <line number="197" hits="0" branch="false" />
            <line number="200" hits="0" branch="false" />
            <line number="201" hits="0" branch="false" />
            <line number="202" hits="0" branch="false" />
            <line number="203" hits="0" branch="false" />
            <line number="204" hits="0" branch="false" />
            <line number="205" hits="0" branch="false" />
            <line number="206" hits="0" branch="false" />
            <line number="209" hits="0" branch="false" />
            <line number="210" hits="0" branch="false" />
            <line number="211" hits="0" branch="false" />
            <line number="212" hits="0" branch="false" />
            <line number="213" hits="0" branch="false" />
            <line number="214" hits="0" branch="false" />
            <line number="215" hits="0" branch="false" />
          </lines>
        </class>
        <class name="RamzPardakht.ApplicationCore.Services.BitcoinWalletProvider" filename="D:\a\RamzPardakht\RamzPardakht\src\RamzPardakht.ApplicationCore\Services\BitcoinWalletProvider.cs" line-rate="1" branch-rate="1" complexity="4">
          <methods>
            <method name="GetNewWalletPublicKey" signature="(System.Int32)" line-rate="1" branch-rate="1" complexity="1">
              <lines>
                <line number="11" hits="2" branch="false" />
                <line number="12" hits="2" branch="false" />
                <line number="13" hits="2" branch="false" />
                <line number="14" hits="2" branch="false" />
                <line number="15" hits="2" branch="false" />
                <line number="17" hits="2" branch="false" />
                <line number="19" hits="2" branch="false" />
                <line number="21" hits="2" branch="false" />
                <line number="22" hits="2" branch="false" />
              </lines>
            </method>
            <method name="GetMasterPublicKey" signature="()" line-rate="1" branch-rate="1" complexity="1">
              <lines>
                <line number="25" hits="12" branch="false" />
                <line number="26" hits="12" branch="false" />
                <line number="27" hits="12" branch="false" />
                <line number="28" hits="12" branch="false" />
                <line number="29" hits="12" branch="false" />
                <line number="31" hits="12" branch="false" />
                <line number="32" hits="12" branch="false" />
              </lines>
            </method>
            <method name="GetPrivateKeyById" signature="(RamzPardakht.ApplicationCore.Contracts.WalletVersion,System.Int32)" line-rate="1" branch-rate="1" complexity="1">
              <lines>
                <line number="35" hits="4" branch="false" />
                <line number="36" hits="4" branch="false" />
                <line number="37" hits="4" branch="false" />
                <line number="38" hits="4" branch="false" />
                <line number="39" hits="4" branch="false" />
                <line number="41" hits="4" branch="false" />
                <line number="43" hits="4" branch="false" />
                <line number="45" hits="4" branch="false" />
                <line number="48" hits="4" branch="false" />
              </lines>
            </method>
            <method name="NewWalletsVersion" signature="()" line-rate="1" branch-rate="1" complexity="1">
              <lines>
                <line number="50" hits="4" branch="false" />
              </lines>
            </method>
          </methods>
          <lines>
            <line number="11" hits="2" branch="false" />
            <line number="12" hits="2" branch="false" />
            <line number="13" hits="2" branch="false" />
            <line number="14" hits="2" branch="false" />
            <line number="15" hits="2" branch="false" />
            <line number="17" hits="2" branch="false" />
            <line number="19" hits="2" branch="false" />
            <line number="21" hits="2" branch="false" />
            <line number="22" hits="2" branch="false" />
            <line number="25" hits="12" branch="false" />
            <line number="26" hits="12" branch="false" />
            <line number="27" hits="12" branch="false" />
            <line number="28" hits="12" branch="false" />
            <line number="29" hits="12" branch="false" />
            <line number="31" hits="12" branch="false" />
            <line number="32" hits="12" branch="false" />
            <line number="35" hits="4" branch="false" />
            <line number="36" hits="4" branch="false" />
            <line number="37" hits="4" branch="false" />
            <line number="38" hits="4" branch="false" />
            <line number="39" hits="4" branch="false" />
            <line number="41" hits="4" branch="false" />
            <line number="43" hits="4" branch="false" />
            <line number="45" hits="4" branch="false" />
            <line number="48" hits="4" branch="false" />
            <line number="50" hits="4" branch="false" />
          </lines>
        </class>
      </classes>
    </package>
    <package name="RamzPardakht.Infrastructure" line-rate="0.9512195121951219" branch-rate="0.71875" complexity="100">
      <classes>
        <class name="RamzPardakht.Infrastructure.DbContexts.ProjectDbContext" filename="D:\a\RamzPardakht\RamzPardakht\src\RamzPardakht.Infrastructure\DbContexts\ProjectDbContext.cs" line-rate="0.9649122807017544" branch-rate="0.71875" complexity="97">
          <methods>
            <method name="OnModelCreating" signature="(Microsoft.EntityFrameworkCore.ModelBuilder)" line-rate="0.9285714285714286" branch-rate="0.9166666666666666" complexity="12">
              <lines>
                <line number="32" hits="20" branch="false" />
                <line number="33" hits="20" branch="false" />
                <line number="35" hits="20" branch="false" />
                <line number="36" hits="20" branch="false" />
                <line number="37" hits="20" branch="false" />
                <line number="38" hits="20" branch="false" />
                <line number="40" hits="20" branch="false" />
                <line number="41" hits="20" branch="false" />
                <line number="42" hits="20" branch="false" />
                <line number="43" hits="20" branch="false" />
                <line number="45" hits="20" branch="false" />
                <line number="46" hits="20" branch="false" />
                <line number="47" hits="20" branch="false" />
                <line number="50" hits="332" branch="true" condition-coverage="100% (2/2)" />
                <line number="51" hits="136" branch="false" />
                <line number="52" hits="136" branch="false" />
                <line number="53" hits="136" branch="false" />
                <line number="54" hits="136" branch="false" />
                <line number="55" hits="136" branch="false" />
                <line number="57" hits="20" branch="true" condition-coverage="100% (2/2)" />
                <line number="58" hits="2" branch="false" />
                <line number="66" hits="2" branch="false" />
                <line number="67" hits="2" branch="false" />
                <line number="68" hits="2" branch="false" />
                <line number="69" hits="2" branch="false" />
                <line number="70" hits="58" branch="true" condition-coverage="100% (2/2)" />
                <line number="71" hits="26" branch="false" />
                <line number="72" hits="26" branch="false" />
                <line number="73" hits="26" branch="false" />
                <line number="74" hits="26" branch="false" />
                <line number="75" hits="158" branch="true" condition-coverage="100% (2/2)" />
                <line number="76" hits="40" branch="false" />
                <line number="77" hits="40" branch="false" />
                <line number="78" hits="40" branch="false" />
                <line number="79" hits="40" branch="false" />
                <line number="80" hits="40" branch="false" />
                <line number="81" hits="40" branch="false" />
                <line number="83" hits="26" branch="false" />
                <line number="84" hits="26" branch="false" />
                <line number="85" hits="26" branch="false" />
                <line number="86" hits="102" branch="true" condition-coverage="100% (2/2)" />
                <line number="87" hits="12" branch="false" />
                <line number="88" hits="12" branch="false" />
                <line number="89" hits="12" branch="false" />
                <line number="90" hits="12" branch="false" />
                <line number="91" hits="12" branch="false" />
                <line number="92" hits="12" branch="false" />
                <line number="93" hits="12" branch="false" />
                <line number="94" hits="26" branch="false" />
                <line number="95" hits="2" branch="false" />
                <line number="98" hits="60" branch="true" condition-coverage="50% (1/2)" />
                <line number="99" hits="0" branch="false" />
                <line number="100" hits="0" branch="false" />
                <line number="102" hits="0" branch="false" />
                <line number="103" hits="0" branch="false" />
                <line number="105" hits="20" branch="false" />
              </lines>
            </method>
            <method name="SetEntitiesContracts" signature="(System.Threading.CancellationToken)" line-rate="1" branch-rate="0.6904761904761905" complexity="84">
              <lines>
                <line number="124" hits="116" branch="false" />
                <line number="125" hits="116" branch="false" />
                <line number="126" hits="116" branch="false" />
                <line number="128" hits="748" branch="true" condition-coverage="100% (2/2)" />
                <line number="129" hits="200" branch="false" />
                <line number="130" hits="200" branch="false" />
                <line number="132" hits="200" branch="true" condition-coverage="100% (2/2)" />
                <line number="133" hits="69" branch="false" />
                <line number="134" hits="69" branch="true" condition-coverage="100% (2/2)" />
                <line number="135" hits="3" branch="false" />
                <line number="136" hits="3" branch="false" />
                <line number="137" hits="3" branch="false" />
                <line number="138" hits="3" branch="false" />
                <line number="139" hits="3" branch="true" condition-coverage="60% (6/10)" />
                <line number="140" hits="2" branch="false" />
                <line number="141" hits="2" branch="false" />
                <line number="142" hits="2" branch="false" />
                <line number="143" hits="3" branch="true" condition-coverage="57% (8/14)" />
                <line number="144" hits="3" branch="false" />
                <line number="145" hits="2" branch="false" />
                <line number="146" hits="2" branch="false" />
                <line number="147" hits="2" branch="false" />
                <line number="149" hits="3" branch="false" />
                <line number="150" hits="69" branch="false" />
                <line number="152" hits="200" branch="true" condition-coverage="100% (2/2)" />
                <line number="153" hits="75" branch="false" />
                <line number="154" hits="75" branch="true" condition-coverage="100% (2/2)" />
                <line number="155" hits="25" branch="false" />
                <line number="156" hits="25" branch="true" condition-coverage="70% (7/10)" />
                <line number="157" hits="6" branch="false" />
                <line number="158" hits="6" branch="false" />
                <line number="159" hits="6" branch="false" />
                <line number="161" hits="25" branch="true" condition-coverage="71% (10/14)" />
                <line number="162" hits="25" branch="false" />
                <line number="163" hits="7" branch="false" />
                <line number="164" hits="7" branch="false" />
                <line number="165" hits="7" branch="false" />
                <line number="167" hits="25" branch="false" />
                <line number="168" hits="25" branch="false" />
                <line number="169" hits="50" branch="true" condition-coverage="100% (2/2)" />
                <line number="170" hits="20" branch="false" />
                <line number="171" hits="20" branch="true" condition-coverage="70% (7/10)" />
                <line number="172" hits="3" branch="false" />
                <line number="173" hits="3" branch="false" />
                <line number="174" hits="3" branch="false" />
                <line number="176" hits="20" branch="true" condition-coverage="57% (8/14)" />
                <line number="177" hits="20" branch="false" />
                <line number="178" hits="3" branch="false" />
                <line number="179" hits="3" branch="false" />
                <line number="180" hits="3" branch="false" />
                <line number="182" hits="20" branch="false" />
                <line number="183" hits="20" branch="false" />
                <line number="184" hits="75" branch="false" />
                <line number="185" hits="200" branch="false" />
                <line number="186" hits="116" branch="false" />
              </lines>
            </method>
            <method name=".ctor" signature="(Microsoft.EntityFrameworkCore.DbContextOptions)" line-rate="1" branch-rate="1" complexity="1">
              <lines>
                <line number="19" hits="24" branch="false" />
                <line number="20" hits="24" branch="false" />
                <line number="21" hits="24" branch="false" />
              </lines>
            </method>
          </methods>
          <lines>
            <line number="19" hits="24" branch="false" />
            <line number="20" hits="24" branch="false" />
            <line number="21" hits="24" branch="false" />
            <line number="32" hits="20" branch="false" />
            <line number="33" hits="20" branch="false" />
            <line number="35" hits="20" branch="false" />
            <line number="36" hits="20" branch="false" />
            <line number="37" hits="20" branch="false" />
            <line number="38" hits="20" branch="false" />
            <line number="40" hits="20" branch="false" />
            <line number="41" hits="20" branch="false" />
            <line number="42" hits="20" branch="false" />
            <line number="43" hits="20" branch="false" />
            <line number="45" hits="20" branch="false" />
            <line number="46" hits="20" branch="false" />
            <line number="47" hits="20" branch="false" />
            <line number="50" hits="332" branch="true" condition-coverage="100% (2/2)" />
            <line number="51" hits="136" branch="false" />
            <line number="52" hits="136" branch="false" />
            <line number="53" hits="136" branch="false" />
            <line number="54" hits="136" branch="false" />
            <line number="55" hits="136" branch="false" />
            <line number="57" hits="20" branch="true" condition-coverage="100% (2/2)" />
            <line number="58" hits="2" branch="false" />
            <line number="66" hits="2" branch="false" />
            <line number="67" hits="2" branch="false" />
            <line number="68" hits="2" branch="false" />
            <line number="69" hits="2" branch="false" />
            <line number="70" hits="58" branch="true" condition-coverage="100% (2/2)" />
            <line number="71" hits="26" branch="false" />
            <line number="72" hits="26" branch="false" />
            <line number="73" hits="26" branch="false" />
            <line number="74" hits="26" branch="false" />
            <line number="75" hits="158" branch="true" condition-coverage="100% (2/2)" />
            <line number="76" hits="40" branch="false" />
            <line number="77" hits="40" branch="false" />
            <line number="78" hits="40" branch="false" />
            <line number="79" hits="40" branch="false" />
            <line number="80" hits="40" branch="false" />
            <line number="81" hits="40" branch="false" />
            <line number="83" hits="26" branch="false" />
            <line number="84" hits="26" branch="false" />
            <line number="85" hits="26" branch="false" />
            <line number="86" hits="102" branch="true" condition-coverage="100% (2/2)" />
            <line number="87" hits="12" branch="false" />
            <line number="88" hits="12" branch="false" />
            <line number="89" hits="12" branch="false" />
            <line number="90" hits="12" branch="false" />
            <line number="91" hits="12" branch="false" />
            <line number="92" hits="12" branch="false" />
            <line number="93" hits="12" branch="false" />
            <line number="94" hits="26" branch="false" />
            <line number="95" hits="2" branch="false" />
            <line number="98" hits="60" branch="true" condition-coverage="50% (1/2)" />
            <line number="99" hits="0" branch="false" />
            <line number="100" hits="0" branch="false" />
            <line number="102" hits="0" branch="false" />
            <line number="103" hits="0" branch="false" />
            <line number="105" hits="20" branch="false" />
            <line number="124" hits="116" branch="false" />
            <line number="125" hits="116" branch="false" />
            <line number="126" hits="116" branch="false" />
            <line number="128" hits="748" branch="true" condition-coverage="100% (2/2)" />
            <line number="129" hits="200" branch="false" />
            <line number="130" hits="200" branch="false" />
            <line number="132" hits="200" branch="true" condition-coverage="100% (2/2)" />
            <line number="133" hits="69" branch="false" />
            <line number="134" hits="69" branch="true" condition-coverage="100% (2/2)" />
            <line number="135" hits="3" branch="false" />
            <line number="136" hits="3" branch="false" />
            <line number="137" hits="3" branch="false" />
            <line number="138" hits="3" branch="false" />
            <line number="139" hits="3" branch="true" condition-coverage="60% (6/10)" />
            <line number="140" hits="2" branch="false" />
            <line number="141" hits="2" branch="false" />
            <line number="142" hits="2" branch="false" />
            <line number="143" hits="3" branch="true" condition-coverage="57% (8/14)" />
            <line number="144" hits="3" branch="false" />
            <line number="145" hits="2" branch="false" />
            <line number="146" hits="2" branch="false" />
            <line number="147" hits="2" branch="false" />
            <line number="149" hits="3" branch="false" />
            <line number="150" hits="69" branch="false" />
            <line number="152" hits="200" branch="true" condition-coverage="100% (2/2)" />
            <line number="153" hits="75" branch="false" />
            <line number="154" hits="75" branch="true" condition-coverage="100% (2/2)" />
            <line number="155" hits="25" branch="false" />
            <line number="156" hits="25" branch="true" condition-coverage="70% (7/10)" />
            <line number="157" hits="6" branch="false" />
            <line number="158" hits="6" branch="false" />
            <line number="159" hits="6" branch="false" />
            <line number="161" hits="25" branch="true" condition-coverage="71% (10/14)" />
            <line number="162" hits="25" branch="false" />
            <line number="163" hits="7" branch="false" />
            <line number="164" hits="7" branch="false" />
            <line number="165" hits="7" branch="false" />
            <line number="167" hits="25" branch="false" />
            <line number="168" hits="25" branch="false" />
            <line number="169" hits="50" branch="true" condition-coverage="100% (2/2)" />
            <line number="170" hits="20" branch="false" />
            <line number="171" hits="20" branch="true" condition-coverage="70% (7/10)" />
            <line number="172" hits="3" branch="false" />
            <line number="173" hits="3" branch="false" />
            <line number="174" hits="3" branch="false" />
            <line number="176" hits="20" branch="true" condition-coverage="57% (8/14)" />
            <line number="177" hits="20" branch="false" />
            <line number="178" hits="3" branch="false" />
            <line number="179" hits="3" branch="false" />
            <line number="180" hits="3" branch="false" />
            <line number="182" hits="20" branch="false" />
            <line number="183" hits="20" branch="false" />
            <line number="184" hits="75" branch="false" />
            <line number="185" hits="200" branch="false" />
            <line number="186" hits="116" branch="false" />
          </lines>
        </class>
        <class name="RamzPardakht.Infrastructure.InfrastructureSetup" filename="D:\a\RamzPardakht\RamzPardakht\src\RamzPardakht.Infrastructure\InfrastructureSetup.cs" line-rate="1" branch-rate="1" complexity="1">
          <methods>
            <method name="AddInfrastructure" signature="(Microsoft.Extensions.DependencyInjection.IServiceCollection,Microsoft.Extensions.Configuration.IConfiguration)" line-rate="1" branch-rate="1" complexity="1">
              <lines>
                <line number="22" hits="11" branch="false" />
                <line number="23" hits="11" branch="false" />
                <line number="24" hits="11" branch="false" />
                <line number="25" hits="11" branch="false" />
                <line number="26" hits="11" branch="false" />
                <line number="27" hits="11" branch="false" />
                <line number="29" hits="11" branch="false" />
                <line number="30" hits="11" branch="false" />
                <line number="33" hits="11" branch="false" />
                <line number="35" hits="11" branch="false" />
                <line number="37" hits="11" branch="false" />
                <line number="38" hits="11" branch="false" />
                <line number="39" hits="11" branch="false" />
                <line number="40" hits="11" branch="false" />
                <line number="41" hits="11" branch="false" />
                <line number="43" hits="11" branch="false" />
                <line number="44" hits="11" branch="false" />
                <line number="45" hits="11" branch="false" />
                <line number="46" hits="11" branch="false" />
                <line number="47" hits="11" branch="false" />
                <line number="48" hits="11" branch="false" />
                <line number="49" hits="11" branch="false" />
                <line number="50" hits="11" branch="false" />
                <line number="51" hits="11" branch="false" />
                <line number="52" hits="11" branch="false" />
                <line number="53" hits="11" branch="false" />
                <line number="54" hits="11" branch="false" />
                <line number="55" hits="11" branch="false" />
                <line number="56" hits="11" branch="false" />
                <line number="57" hits="11" branch="false" />
                <line number="58" hits="11" branch="false" />
                <line number="59" hits="11" branch="false" />
                <line number="60" hits="11" branch="false" />
                <line number="61" hits="11" branch="false" />
                <line number="62" hits="11" branch="false" />
                <line number="63" hits="11" branch="false" />
                <line number="64" hits="11" branch="false" />
                <line number="65" hits="11" branch="false" />
                <line number="66" hits="11" branch="false" />
                <line number="67" hits="11" branch="false" />
                <line number="75" hits="11" branch="false" />
                <line number="76" hits="11" branch="false" />
              </lines>
            </method>
          </methods>
          <lines>
            <line number="22" hits="11" branch="false" />
            <line number="23" hits="11" branch="false" />
            <line number="24" hits="11" branch="false" />
            <line number="25" hits="11" branch="false" />
            <line number="26" hits="11" branch="false" />
            <line number="27" hits="11" branch="false" />
            <line number="29" hits="11" branch="false" />
            <line number="30" hits="11" branch="false" />
            <line number="33" hits="11" branch="false" />
            <line number="35" hits="11" branch="false" />
            <line number="37" hits="11" branch="false" />
            <line number="38" hits="11" branch="false" />
            <line number="39" hits="11" branch="false" />
            <line number="40" hits="11" branch="false" />
            <line number="41" hits="11" branch="false" />
            <line number="43" hits="11" branch="false" />
            <line number="44" hits="11" branch="false" />
            <line number="45" hits="11" branch="false" />
            <line number="46" hits="11" branch="false" />
            <line number="47" hits="11" branch="false" />
            <line number="48" hits="11" branch="false" />
            <line number="49" hits="11" branch="false" />
            <line number="50" hits="11" branch="false" />
            <line number="51" hits="11" branch="false" />
            <line number="52" hits="11" branch="false" />
            <line number="53" hits="11" branch="false" />
            <line number="54" hits="11" branch="false" />
            <line number="55" hits="11" branch="false" />
            <line number="56" hits="11" branch="false" />
            <line number="57" hits="11" branch="false" />
            <line number="58" hits="11" branch="false" />
            <line number="59" hits="11" branch="false" />
            <line number="60" hits="11" branch="false" />
            <line number="61" hits="11" branch="false" />
            <line number="62" hits="11" branch="false" />
            <line number="63" hits="11" branch="false" />
            <line number="64" hits="11" branch="false" />
            <line number="65" hits="11" branch="false" />
            <line number="66" hits="11" branch="false" />
            <line number="67" hits="11" branch="false" />
            <line number="75" hits="11" branch="false" />
            <line number="76" hits="11" branch="false" />
          </lines>
        </class>
        <class name="RamzPardakht.Infrastructure.Services.EmailSender" filename="D:\a\RamzPardakht\RamzPardakht\src\RamzPardakht.Infrastructure\Services\EmailSender.cs" line-rate="0" branch-rate="1" complexity="1">
          <methods>
            <method name=".ctor" signature="(Resend.IResend)" line-rate="0" branch-rate="1" complexity="1">
              <lines>
                <line number="13" hits="0" branch="false" />
                <line number="14" hits="0" branch="false" />
                <line number="15" hits="0" branch="false" />
                <line number="16" hits="0" branch="false" />
              </lines>
            </method>
          </methods>
          <lines>
            <line number="13" hits="0" branch="false" />
            <line number="14" hits="0" branch="false" />
            <line number="15" hits="0" branch="false" />
            <line number="16" hits="0" branch="false" />
          </lines>
        </class>
        <class name="RamzPardakht.Infrastructure.Services.ExchangeService" filename="D:\a\RamzPardakht\RamzPardakht\src\RamzPardakht.Infrastructure\Services\ExchangeService.cs" line-rate="1" branch-rate="1" complexity="1">
          <methods>
            <method name=".ctor" signature="(RamzPardakht.Infrastructure.Services.ICoinGateExchangeService)" line-rate="1" branch-rate="1" complexity="1">
              <lines>
                <line number="13" hits="21" branch="false" />
                <line number="14" hits="21" branch="false" />
                <line number="15" hits="21" branch="false" />
                <line number="16" hits="21" branch="false" />
              </lines>
            </method>
          </methods>
          <lines>
            <line number="13" hits="21" branch="false" />
            <line number="14" hits="21" branch="false" />
            <line number="15" hits="21" branch="false" />
            <line number="16" hits="21" branch="false" />
          </lines>
        </class>
      </classes>
    </package>
    <package name="RamzPardakht.WebApi" line-rate="0.8899755501222494" branch-rate="0.7272727272727273" complexity="45">
      <classes>
        <class name="RamzPardakht.WebApi.BackgroundServices.BitcoinNewBlockListener" filename="D:\a\RamzPardakht\RamzPardakht\src\RamzPardakht.WebApi\BackgroundServices\BitcoinNewBlockListener.cs" line-rate="0" branch-rate="1" complexity="1">
          <methods>
            <method name=".ctor" signature="(System.Net.Http.IHttpClientFactory,Microsoft.Extensions.Configuration.IConfiguration,Microsoft.Extensions.Logging.ILogger`1&lt;RamzPardakht.WebApi.BackgroundServices.BitcoinNewBlockListener&gt;,RamzPardakht.ApplicationCore.Contracts.IBitcoinWalletProvider,MassTransit.IBus)" line-rate="0" branch-rate="1" complexity="1">
              <lines>
                <line number="22" hits="0" branch="false" />
                <line number="23" hits="0" branch="false" />
                <line number="24" hits="0" branch="false" />
                <line number="25" hits="0" branch="false" />
                <line number="26" hits="0" branch="false" />
                <line number="27" hits="0" branch="false" />
                <line number="28" hits="0" branch="false" />
                <line number="29" hits="0" branch="false" />
                <line number="30" hits="0" branch="false" />
                <line number="31" hits="0" branch="false" />
                <line number="32" hits="0" branch="false" />
                <line number="33" hits="0" branch="false" />
                <line number="34" hits="0" branch="false" />
                <line number="35" hits="0" branch="false" />
              </lines>
            </method>
          </methods>
          <lines>
            <line number="22" hits="0" branch="false" />
            <line number="23" hits="0" branch="false" />
            <line number="24" hits="0" branch="false" />
            <line number="25" hits="0" branch="false" />
            <line number="26" hits="0" branch="false" />
            <line number="27" hits="0" branch="false" />
            <line number="28" hits="0" branch="false" />
            <line number="29" hits="0" branch="false" />
            <line number="30" hits="0" branch="false" />
            <line number="31" hits="0" branch="false" />
            <line number="32" hits="0" branch="false" />
            <line number="33" hits="0" branch="false" />
            <line number="34" hits="0" branch="false" />
            <line number="35" hits="0" branch="false" />
          </lines>
        </class>
        <class name="RamzPardakht.WebApi.Common.ClaimsPrincipalExtensions" filename="D:\a\RamzPardakht\RamzPardakht\src\RamzPardakht.WebApi\Common\ClaimsPrincipalExtensions.cs" line-rate="0.75" branch-rate="0.5" complexity="4">
          <methods>
            <method name="GetUserId" signature="(System.Security.Claims.ClaimsPrincipal)" line-rate="0.75" branch-rate="0.5" complexity="4">
              <lines>
                <line number="11" hits="66" branch="false" />
                <line number="12" hits="66" branch="true" condition-coverage="50% (1/2)" />
                <line number="13" hits="0" branch="false" />
                <line number="14" hits="66" branch="false" />
                <line number="16" hits="66" branch="true" condition-coverage="50% (1/2)" />
                <line number="17" hits="66" branch="false" />
                <line number="18" hits="0" branch="false" />
                <line number="19" hits="66" branch="false" />
              </lines>
            </method>
          </methods>
          <lines>
            <line number="11" hits="66" branch="false" />
            <line number="12" hits="66" branch="true" condition-coverage="50% (1/2)" />
            <line number="13" hits="0" branch="false" />
            <line number="14" hits="66" branch="false" />
            <line number="16" hits="66" branch="true" condition-coverage="50% (1/2)" />
            <line number="17" hits="66" branch="false" />
            <line number="18" hits="0" branch="false" />
            <line number="19" hits="66" branch="false" />
          </lines>
        </class>
        <class name="RamzPardakht.WebApi.Common.HideSignalRHubSpecificationFromSwaggerFilter" filename="D:\a\RamzPardakht\RamzPardakht\src\RamzPardakht.WebApi\Common\HideSignalRHubSpecificationFromSwaggerFilter.cs" line-rate="1" branch-rate="1" complexity="1">
          <methods>
            <method name="Apply" signature="(Microsoft.OpenApi.Models.OpenApiDocument,Swashbuckle.AspNetCore.SwaggerGen.DocumentFilterContext)" line-rate="1" branch-rate="1" complexity="1">
              <lines>
                <line number="13" hits="1" branch="false" />
                <line number="14" hits="1" branch="false" />
                <line number="15" hits="1" branch="false" />
              </lines>
            </method>
          </methods>
          <lines>
            <line number="13" hits="1" branch="false" />
            <line number="14" hits="1" branch="false" />
            <line number="15" hits="1" branch="false" />
          </lines>
        </class>
        <class name="RamzPardakht.WebApi.Common.HttpClientBuilderExtensions" filename="D:\a\RamzPardakht\RamzPardakht\src\RamzPardakht.WebApi\Common\HttpClientBuilderExtensions.cs" line-rate="0.9166666666666666" branch-rate="0.5" complexity="2">
          <methods>
            <method name="UseHttpClientLogRequestResponse" signature="(Microsoft.Extensions.DependencyInjection.IServiceCollection,System.Action`1&lt;Serilog.HttpClient.RequestLoggingOptions&gt;)" line-rate="0.9166666666666666" branch-rate="0.5" complexity="2">
              <lines>
                <line number="20" hits="11" branch="false" />
                <line number="21" hits="11" branch="true" condition-coverage="50% (1/2)" />
                <line number="22" hits="0" branch="false" />
                <line number="23" hits="11" branch="false" />
                <line number="25" hits="11" branch="false" />
                <line number="26" hits="11" branch="false" />
                <line number="27" hits="11" branch="false" />
                <line number="29" hits="11" branch="false" />
                <line number="30" hits="11" branch="false" />
                <line number="31" hits="11" branch="false" />
                <line number="32" hits="11" branch="false" />
                <line number="34" hits="11" branch="false" />
              </lines>
            </method>
          </methods>
          <lines>
            <line number="20" hits="11" branch="false" />
            <line number="21" hits="11" branch="true" condition-coverage="50% (1/2)" />
            <line number="22" hits="0" branch="false" />
            <line number="23" hits="11" branch="false" />
            <line number="25" hits="11" branch="false" />
            <line number="26" hits="11" branch="false" />
            <line number="27" hits="11" branch="false" />
            <line number="29" hits="11" branch="false" />
            <line number="30" hits="11" branch="false" />
            <line number="31" hits="11" branch="false" />
            <line number="32" hits="11" branch="false" />
            <line number="34" hits="11" branch="false" />
          </lines>
        </class>
        <class name="RamzPardakht.WebApi.Common.HttpUrlAttribute" filename="D:\a\RamzPardakht\RamzPardakht\src\RamzPardakht.WebApi\Common\HttpUrlAttribute.cs" line-rate="0.9666666666666667" branch-rate="0.8571428571428571" complexity="16">
          <methods>
            <method name="IsValid" signature="(System.Object,System.ComponentModel.DataAnnotations.ValidationContext)" line-rate="0.9230769230769231" branch-rate="0.8333333333333334" complexity="12">
              <lines>
                <line number="25" hits="15" branch="false" />
                <line number="26" hits="15" branch="true" condition-coverage="100% (2/2)" />
                <line number="27" hits="1" branch="false" />
                <line number="28" hits="14" branch="true" condition-coverage="50% (1/2)" />
                <line number="29" hits="0" branch="false" />
                <line number="31" hits="14" branch="true" condition-coverage="100% (2/2)" />
                <line number="32" hits="10" branch="false" />
                <line number="34" hits="4" branch="true" condition-coverage="83% (5/6)" />
                <line number="35" hits="4" branch="false" />
                <line number="36" hits="3" branch="false" />
                <line number="37" hits="3" branch="false" />
                <line number="40" hits="1" branch="false" />
                <line number="41" hits="15" branch="false" />
              </lines>
            </method>
            <method name="GetErrorMessage" signature="(System.ComponentModel.DataAnnotations.ValidationContext)" line-rate="1" branch-rate="1" complexity="1">
              <lines>
                <line number="44" hits="1" branch="false" />
                <line number="45" hits="1" branch="false" />
                <line number="46" hits="1" branch="false" />
              </lines>
            </method>
            <method name="GetLocalizer" signature="(System.ComponentModel.DataAnnotations.ValidationContext)" line-rate="1" branch-rate="1" complexity="2">
              <lines>
                <line number="49" hits="1" branch="false" />
                <line number="50" hits="1" branch="true" condition-coverage="100% (2/2)" />
                <line number="51" hits="1" branch="false" />
                <line number="52" hits="1" branch="false" />
                <line number="53" hits="1" branch="false" />
                <line number="54" hits="1" branch="false" />
                <line number="55" hits="1" branch="false" />
                <line number="56" hits="1" branch="false" />
                <line number="58" hits="1" branch="false" />
                <line number="59" hits="1" branch="false" />
              </lines>
            </method>
            <method name=".ctor" signature="()" line-rate="1" branch-rate="1" complexity="1">
              <lines>
                <line number="19" hits="112" branch="false" />
                <line number="20" hits="112" branch="false" />
                <line number="21" hits="112" branch="false" />
                <line number="22" hits="112" branch="false" />
              </lines>
            </method>
          </methods>
          <lines>
            <line number="19" hits="112" branch="false" />
            <line number="20" hits="112" branch="false" />
            <line number="21" hits="112" branch="false" />
            <line number="22" hits="112" branch="false" />
            <line number="25" hits="15" branch="false" />
            <line number="26" hits="15" branch="true" condition-coverage="100% (2/2)" />
            <line number="27" hits="1" branch="false" />
            <line number="28" hits="14" branch="true" condition-coverage="50% (1/2)" />
            <line number="29" hits="0" branch="false" />
            <line number="31" hits="14" branch="true" condition-coverage="100% (2/2)" />
            <line number="32" hits="10" branch="false" />
            <line number="34" hits="4" branch="true" condition-coverage="83% (5/6)" />
            <line number="35" hits="4" branch="false" />
            <line number="36" hits="3" branch="false" />
            <line number="37" hits="3" branch="false" />
            <line number="40" hits="1" branch="false" />
            <line number="41" hits="15" branch="false" />
            <line number="44" hits="1" branch="false" />
            <line number="45" hits="1" branch="false" />
            <line number="46" hits="1" branch="false" />
            <line number="49" hits="1" branch="false" />
            <line number="50" hits="1" branch="true" condition-coverage="100% (2/2)" />
            <line number="51" hits="1" branch="false" />
            <line number="52" hits="1" branch="false" />
            <line number="53" hits="1" branch="false" />
            <line number="54" hits="1" branch="false" />
            <line number="55" hits="1" branch="false" />
            <line number="56" hits="1" branch="false" />
            <line number="58" hits="1" branch="false" />
            <line number="59" hits="1" branch="false" />
          </lines>
        </class>
        <class name="RamzPardakht.WebApi.Common.ReferenceTokenAuthorizationHandler" filename="D:\a\RamzPardakht\RamzPardakht\src\RamzPardakht.WebApi\Common\ReferenceTokenAuthorizationHandler.cs" line-rate="1" branch-rate="1" complexity="1">
          <methods>
            <method name=".ctor" signature="(RamzPardakht.ApplicationCore.Contracts.IProjectDbContext,System.TimeProvider)" line-rate="1" branch-rate="1" complexity="1">
              <lines>
                <line number="16" hits="81" branch="false" />
                <line number="17" hits="81" branch="false" />
                <line number="18" hits="81" branch="false" />
                <line number="19" hits="81" branch="false" />
                <line number="20" hits="81" branch="false" />
              </lines>
            </method>
          </methods>
          <lines>
            <line number="16" hits="81" branch="false" />
            <line number="17" hits="81" branch="false" />
            <line number="18" hits="81" branch="false" />
            <line number="19" hits="81" branch="false" />
            <line number="20" hits="81" branch="false" />
          </lines>
        </class>
        <class name="RamzPardakht.WebApi.Consumers.NewBitcoinBlockEventConsumer" filename="D:\a\RamzPardakht\RamzPardakht\src\RamzPardakht.WebApi\Consumers\NewBitcoinBlockEventConsumer.cs" line-rate="1" branch-rate="1" complexity="1">
          <methods>
            <method name=".ctor" signature="(System.Net.Http.IHttpClientFactory,RamzPardakht.ApplicationCore.Contracts.IProjectDbContext,System.TimeProvider,Microsoft.AspNetCore.SignalR.IHubContext`2&lt;RamzPardakht.WebApi.Hubs.PaymentHub,RamzPardakht.WebApi.Hubs.IPaymentClient&gt;,Microsoft.Extensions.Configuration.IConfiguration,Microsoft.Extensions.Logging.ILogger`1&lt;RamzPardakht.WebApi.Consumers.NewBitcoinBlockEventConsumer&gt;)" line-rate="1" branch-rate="1" complexity="1">
              <lines>
                <line number="29" hits="12" branch="false" />
                <line number="30" hits="12" branch="false" />
                <line number="31" hits="12" branch="false" />
                <line number="32" hits="12" branch="false" />
                <line number="33" hits="12" branch="false" />
                <line number="34" hits="12" branch="false" />
                <line number="35" hits="12" branch="false" />
                <line number="36" hits="12" branch="false" />
                <line number="38" hits="12" branch="false" />
                <line number="39" hits="12" branch="false" />
                <line number="40" hits="12" branch="false" />
                <line number="41" hits="12" branch="false" />
                <line number="42" hits="12" branch="false" />
                <line number="44" hits="12" branch="false" />
                <line number="46" hits="12" branch="false" />
                <line number="47" hits="12" branch="false" />
                <line number="48" hits="12" branch="false" />
                <line number="50" hits="12" branch="false" />
                <line number="51" hits="12" branch="false" />
              </lines>
            </method>
          </methods>
          <lines>
            <line number="29" hits="12" branch="false" />
            <line number="30" hits="12" branch="false" />
            <line number="31" hits="12" branch="false" />
            <line number="32" hits="12" branch="false" />
            <line number="33" hits="12" branch="false" />
            <line number="34" hits="12" branch="false" />
            <line number="35" hits="12" branch="false" />
            <line number="36" hits="12" branch="false" />
            <line number="38" hits="12" branch="false" />
            <line number="39" hits="12" branch="false" />
            <line number="40" hits="12" branch="false" />
            <line number="41" hits="12" branch="false" />
            <line number="42" hits="12" branch="false" />
            <line number="44" hits="12" branch="false" />
            <line number="46" hits="12" branch="false" />
            <line number="47" hits="12" branch="false" />
            <line number="48" hits="12" branch="false" />
            <line number="50" hits="12" branch="false" />
            <line number="51" hits="12" branch="false" />
          </lines>
        </class>
        <class name="RamzPardakht.WebApi.Consumers.PaymentStatusChangedConsumer" filename="D:\a\RamzPardakht\RamzPardakht\src\RamzPardakht.WebApi\Consumers\PaymentStatusChangedConsumer.cs" line-rate="1" branch-rate="1" complexity="1">
          <methods>
            <method name=".ctor" signature="(System.Net.Http.HttpClient)" line-rate="1" branch-rate="1" complexity="1">
              <lines>
                <line number="14" hits="5" branch="false" />
                <line number="15" hits="5" branch="false" />
                <line number="16" hits="5" branch="false" />
                <line number="17" hits="5" branch="false" />
              </lines>
            </method>
          </methods>
          <lines>
            <line number="14" hits="5" branch="false" />
            <line number="15" hits="5" branch="false" />
            <line number="16" hits="5" branch="false" />
            <line number="17" hits="5" branch="false" />
          </lines>
        </class>
        <class name="RamzPardakht.WebApi.Controllers.AccessTokenController" filename="D:\a\RamzPardakht\RamzPardakht\src\RamzPardakht.WebApi\Controllers\AccessTokenController.cs" line-rate="1" branch-rate="1" complexity="1">
          <methods>
            <method name=".ctor" signature="(Microsoft.Extensions.Options.IOptionsMonitor`1&lt;Microsoft.AspNetCore.Authentication.BearerToken.BearerTokenOptions&gt;,System.TimeProvider,RamzPardakht.ApplicationCore.Contracts.IProjectDbContext,RamzPardakht.WebApi.Common.Mapper,Microsoft.Extensions.Localization.IStringLocalizer`1&lt;RamzPardakht.ApplicationCore.Resources.SharedResource&gt;)" line-rate="1" branch-rate="1" complexity="1">
              <lines>
                <line number="41" hits="10" branch="false" />
                <line number="42" hits="10" branch="false" />
                <line number="43" hits="10" branch="false" />
                <line number="44" hits="10" branch="false" />
                <line number="45" hits="10" branch="false" />
                <line number="46" hits="10" branch="false" />
                <line number="47" hits="10" branch="false" />
                <line number="48" hits="10" branch="false" />
                <line number="49" hits="10" branch="false" />
                <line number="50" hits="10" branch="false" />
                <line number="51" hits="10" branch="false" />
                <line number="52" hits="10" branch="false" />
                <line number="53" hits="10" branch="false" />
                <line number="54" hits="10" branch="false" />
              </lines>
            </method>
          </methods>
          <lines>
            <line number="41" hits="10" branch="false" />
            <line number="42" hits="10" branch="false" />
            <line number="43" hits="10" branch="false" />
            <line number="44" hits="10" branch="false" />
            <line number="45" hits="10" branch="false" />
            <line number="46" hits="10" branch="false" />
            <line number="47" hits="10" branch="false" />
            <line number="48" hits="10" branch="false" />
            <line number="49" hits="10" branch="false" />
            <line number="50" hits="10" branch="false" />
            <line number="51" hits="10" branch="false" />
            <line number="52" hits="10" branch="false" />
            <line number="53" hits="10" branch="false" />
            <line number="54" hits="10" branch="false" />
          </lines>
        </class>
        <class name="RamzPardakht.WebApi.Controllers.ArchiveController" filename="D:\a\RamzPardakht\RamzPardakht\src\RamzPardakht.WebApi\Controllers\ArchiveController.cs" line-rate="1" branch-rate="1" complexity="1">
          <methods>
            <method name=".ctor" signature="(RamzPardakht.ApplicationCore.Contracts.IProjectDbContext,RamzPardakht.WebApi.Common.Mapper,Microsoft.Extensions.Localization.IStringLocalizer`1&lt;RamzPardakht.ApplicationCore.Resources.SharedResource&gt;,Minio.IMinioClient,Microsoft.Extensions.Logging.ILogger`1&lt;RamzPardakht.WebApi.Controllers.ArchiveController&gt;)" line-rate="1" branch-rate="1" complexity="1">
              <lines>
                <line number="32" hits="8" branch="false" />
                <line number="34" hits="8" branch="false" />
                <line number="35" hits="8" branch="false" />
                <line number="36" hits="8" branch="false" />
                <line number="37" hits="8" branch="false" />
                <line number="38" hits="8" branch="false" />
                <line number="39" hits="8" branch="false" />
                <line number="40" hits="8" branch="false" />
                <line number="41" hits="8" branch="false" />
                <line number="42" hits="8" branch="false" />
                <line number="43" hits="8" branch="false" />
                <line number="44" hits="8" branch="false" />
                <line number="45" hits="8" branch="false" />
                <line number="46" hits="8" branch="false" />
                <line number="47" hits="8" branch="false" />
              </lines>
            </method>
          </methods>
          <lines>
            <line number="32" hits="8" branch="false" />
            <line number="34" hits="8" branch="false" />
            <line number="35" hits="8" branch="false" />
            <line number="36" hits="8" branch="false" />
            <line number="37" hits="8" branch="false" />
            <line number="38" hits="8" branch="false" />
            <line number="39" hits="8" branch="false" />
            <line number="40" hits="8" branch="false" />
            <line number="41" hits="8" branch="false" />
            <line number="42" hits="8" branch="false" />
            <line number="43" hits="8" branch="false" />
            <line number="44" hits="8" branch="false" />
            <line number="45" hits="8" branch="false" />
            <line number="46" hits="8" branch="false" />
            <line number="47" hits="8" branch="false" />
          </lines>
        </class>
        <class name="RamzPardakht.WebApi.Controllers.BalanceController" filename="D:\a\RamzPardakht\RamzPardakht\src\RamzPardakht.WebApi\Controllers\BalanceController.cs" line-rate="1" branch-rate="1" complexity="1">
          <methods>
            <method name=".ctor" signature="(RamzPardakht.ApplicationCore.Contracts.IProjectDbContext)" line-rate="1" branch-rate="1" complexity="1">
              <lines>
                <line number="26" hits="8" branch="false" />
                <line number="27" hits="8" branch="false" />
                <line number="28" hits="8" branch="false" />
                <line number="29" hits="8" branch="false" />
                <line number="30" hits="8" branch="false" />
                <line number="31" hits="8" branch="false" />
              </lines>
            </method>
          </methods>
          <lines>
            <line number="26" hits="8" branch="false" />
            <line number="27" hits="8" branch="false" />
            <line number="28" hits="8" branch="false" />
            <line number="29" hits="8" branch="false" />
            <line number="30" hits="8" branch="false" />
            <line number="31" hits="8" branch="false" />
          </lines>
        </class>
        <class name="RamzPardakht.WebApi.Controllers.PaymentController" filename="D:\a\RamzPardakht\RamzPardakht\src\RamzPardakht.WebApi\Controllers\PaymentController.cs" line-rate="1" branch-rate="1" complexity="1">
          <methods>
            <method name=".ctor" signature="(System.TimeProvider,RamzPardakht.ApplicationCore.Contracts.IProjectDbContext,RamzPardakht.WebApi.Common.Mapper,System.Net.Http.IHttpClientFactory,RamzPardakht.ApplicationCore.Contracts.IExchangeService,RamzPardakht.ApplicationCore.Contracts.IBitcoinWalletProvider,Microsoft.Extensions.Localization.IStringLocalizer`1&lt;RamzPardakht.ApplicationCore.Resources.SharedResource&gt;,Microsoft.Extensions.Configuration.IConfiguration)" line-rate="1" branch-rate="1" complexity="1">
              <lines>
                <line number="42" hits="21" branch="false" />
                <line number="43" hits="21" branch="false" />
                <line number="44" hits="21" branch="false" />
                <line number="45" hits="21" branch="false" />
                <line number="46" hits="21" branch="false" />
                <line number="47" hits="21" branch="false" />
                <line number="48" hits="21" branch="false" />
                <line number="49" hits="21" branch="false" />
                <line number="50" hits="21" branch="false" />
                <line number="51" hits="21" branch="false" />
                <line number="52" hits="21" branch="false" />
                <line number="53" hits="21" branch="false" />
                <line number="54" hits="21" branch="false" />
                <line number="55" hits="21" branch="false" />
                <line number="56" hits="21" branch="false" />
                <line number="57" hits="21" branch="false" />
                <line number="58" hits="21" branch="false" />
                <line number="61" hits="21" branch="false" />
                <line number="63" hits="21" branch="false" />
                <line number="64" hits="21" branch="false" />
                <line number="65" hits="21" branch="false" />
                <line number="67" hits="21" branch="false" />
                <line number="68" hits="21" branch="false" />
              </lines>
            </method>
          </methods>
          <lines>
            <line number="42" hits="21" branch="false" />
            <line number="43" hits="21" branch="false" />
            <line number="44" hits="21" branch="false" />
            <line number="45" hits="21" branch="false" />
            <line number="46" hits="21" branch="false" />
            <line number="47" hits="21" branch="false" />
            <line number="48" hits="21" branch="false" />
            <line number="49" hits="21" branch="false" />
            <line number="50" hits="21" branch="false" />
            <line number="51" hits="21" branch="false" />
            <line number="52" hits="21" branch="false" />
[...]
                <line number="167" hits="11" branch="false" />
                <line number="168" hits="11" branch="false" />
                <line number="169" hits="11" branch="false" />
                <line number="170" hits="11" branch="false" />
                <line number="171" hits="11" branch="false" />
                <line number="172" hits="11" branch="false" />
                <line number="173" hits="11" branch="false" />
                <line number="174" hits="11" branch="false" />
                <line number="175" hits="11" branch="false" />
                <line number="176" hits="11" branch="false" />
                <line number="177" hits="11" branch="false" />
                <line number="178" hits="11" branch="false" />
                <line number="179" hits="11" branch="false" />
                <line number="180" hits="11" branch="false" />
                <line number="181" hits="11" branch="false" />
                <line number="182" hits="11" branch="false" />
                <line number="183" hits="11" branch="false" />
                <line number="184" hits="11" branch="false" />
                <line number="185" hits="11" branch="false" />
                <line number="186" hits="11" branch="false" />
                <line number="187" hits="11" branch="false" />
                <line number="188" hits="11" branch="false" />
                <line number="189" hits="11" branch="false" />
                <line number="195" hits="11" branch="false" />
                <line number="197" hits="11" branch="false" />
                <line number="198" hits="11" branch="false" />
                <line number="199" hits="11" branch="false" />
                <line number="200" hits="11" branch="false" />
                <line number="201" hits="11" branch="false" />
                <line number="202" hits="11" branch="false" />
                <line number="203" hits="11" branch="false" />
                <line number="204" hits="11" branch="false" />
                <line number="205" hits="11" branch="false" />
                <line number="206" hits="11" branch="false" />
                <line number="207" hits="11" branch="false" />
                <line number="208" hits="11" branch="false" />
                <line number="209" hits="11" branch="false" />
                <line number="210" hits="11" branch="false" />
                <line number="211" hits="11" branch="false" />
                <line number="212" hits="11" branch="false" />
                <line number="213" hits="11" branch="false" />
                <line number="220" hits="11" branch="false" />
                <line number="223" hits="11" branch="false" />
                <line number="225" hits="11" branch="false" />
                <line number="226" hits="11" branch="false" />
                <line number="228" hits="11" branch="false" />
                <line number="229" hits="11" branch="false" />
                <line number="230" hits="11" branch="false" />
                <line number="231" hits="11" branch="false" />
                <line number="232" hits="11" branch="false" />
              </lines>
            </method>
            <method name="Configure" signature="(Microsoft.AspNetCore.Builder.WebApplication)" line-rate="0.7567567567567568" branch-rate="0.5" complexity="2">
              <lines>
                <line number="235" hits="11" branch="false" />
                <line number="236" hits="11" branch="false" />
                <line number="237" hits="11" branch="false" />
                <line number="239" hits="11" branch="false" />
                <line number="240" hits="11" branch="false" />
                <line number="241" hits="11" branch="false" />
                <line number="242" hits="11" branch="false" />
                <line number="243" hits="11" branch="false" />
                <line number="245" hits="11" branch="false" />
                <line number="246" hits="11" branch="false" />
                <line number="248" hits="11" branch="true" condition-coverage="50% (1/2)" />
                <line number="249" hits="11" branch="false" />
                <line number="250" hits="11" branch="false" />
                <line number="251" hits="11" branch="false" />
                <line number="253" hits="0" branch="false" />
                <line number="254" hits="0" branch="false" />
                <line number="255" hits="0" branch="false" />
                <line number="256" hits="0" branch="false" />
                <line number="257" hits="0" branch="false" />
                <line number="258" hits="0" branch="false" />
                <line number="259" hits="0" branch="false" />
                <line number="260" hits="0" branch="false" />
                <line number="261" hits="0" branch="false" />
                <line number="263" hits="11" branch="false" />
                <line number="265" hits="11" branch="false" />
                <line number="267" hits="11" branch="false" />
                <line number="271" hits="11" branch="false" />
                <line number="275" hits="11" branch="false" />
                <line number="278" hits="11" branch="false" />
                <line number="280" hits="11" branch="false" />
                <line number="281" hits="11" branch="false" />
                <line number="283" hits="11" branch="false" />
                <line number="285" hits="11" branch="false" />
                <line number="287" hits="11" branch="false" />
                <line number="289" hits="11" branch="false" />
                <line number="290" hits="11" branch="false" />
                <line number="291" hits="11" branch="false" />
              </lines>
            </method>
            <method name=".ctor" signature="(Microsoft.Extensions.Configuration.IConfiguration)" line-rate="1" branch-rate="1" complexity="1">
              <lines>
                <line number="32" hits="11" branch="false" />
                <line number="33" hits="11" branch="false" />
                <line number="34" hits="11" branch="false" />
                <line number="35" hits="11" branch="false" />
              </lines>
            </method>
          </methods>
          <lines>
            <line number="32" hits="11" branch="false" />
            <line number="33" hits="11" branch="false" />
            <line number="34" hits="11" branch="false" />
            <line number="35" hits="11" branch="false" />
            <line number="40" hits="11" branch="false" />
            <line number="41" hits="11" branch="false" />
            <line number="43" hits="11" branch="false" />
            <line number="45" hits="11" branch="false" />
            <line number="47" hits="11" branch="false" />
            <line number="49" hits="11" branch="false" />
            <line number="50" hits="11" branch="false" />
            <line number="51" hits="11" branch="false" />
            <line number="52" hits="11" branch="false" />
            <line number="53" hits="11" branch="false" />
            <line number="54" hits="11" branch="false" />
            <line number="55" hits="11" branch="false" />
            <line number="56" hits="11" branch="false" />
            <line number="57" hits="11" branch="false" />
            <line number="58" hits="11" branch="false" />
            <line number="59" hits="11" branch="false" />
            <line number="60" hits="11" branch="false" />
            <line number="61" hits="11" branch="false" />
            <line number="63" hits="11" branch="false" />
            <line number="65" hits="11" branch="false" />
            <line number="66" hits="11" branch="false" />
            <line number="67" hits="11" branch="false" />
            <line number="68" hits="11" branch="false" />
            <line number="69" hits="11" branch="false" />
            <line number="70" hits="11" branch="false" />
            <line number="71" hits="11" branch="false" />
            <line number="72" hits="11" branch="false" />
            <line number="74" hits="11" branch="false" />
            <line number="75" hits="11" branch="false" />
            <line number="76" hits="11" branch="false" />
            <line number="77" hits="11" branch="false" />
            <line number="78" hits="11" branch="false" />
            <line number="79" hits="11" branch="false" />
            <line number="80" hits="11" branch="false" />
            <line number="81" hits="11" branch="false" />
            <line number="83" hits="11" branch="false" />
            <line number="85" hits="11" branch="false" />
            <line number="86" hits="11" branch="false" />
            <line number="87" hits="11" branch="false" />
            <line number="88" hits="11" branch="false" />
            <line number="89" hits="11" branch="false" />
            <line number="90" hits="11" branch="false" />
            <line number="91" hits="11" branch="false" />
            <line number="92" hits="11" branch="false" />
            <line number="94" hits="11" branch="false" />
            <line number="95" hits="11" branch="false" />
            <line number="96" hits="11" branch="false" />
            <line number="97" hits="11" branch="false" />
            <line number="98" hits="11" branch="false" />
            <line number="99" hits="11" branch="false" />
            <line number="100" hits="11" branch="false" />
            <line number="101" hits="11" branch="false" />
            <line number="102" hits="11" branch="false" />
            <line number="103" hits="11" branch="false" />
            <line number="104" hits="11" branch="false" />
            <line number="105" hits="11" branch="false" />
            <line number="106" hits="11" branch="false" />
            <line number="107" hits="11" branch="false" />
            <line number="109" hits="11" branch="false" />
            <line number="110" hits="11" branch="false" />
            <line number="112" hits="11" branch="false" />
            <line number="113" hits="11" branch="false" />
            <line number="114" hits="11" branch="false" />
            <line number="115" hits="11" branch="false" />
            <line number="116" hits="11" branch="false" />
            <line number="117" hits="11" branch="false" />
            <line number="118" hits="11" branch="false" />
            <line number="119" hits="11" branch="false" />
            <line number="120" hits="11" branch="false" />
            <line number="121" hits="11" branch="false" />
            <line number="122" hits="11" branch="false" />
            <line number="123" hits="11" branch="false" />
            <line number="124" hits="11" branch="false" />
            <line number="125" hits="11" branch="false" />
            <line number="126" hits="11" branch="false" />
            <line number="127" hits="11" branch="false" />
            <line number="128" hits="11" branch="false" />
            <line number="129" hits="11" branch="false" />
            <line number="130" hits="11" branch="false" />
            <line number="131" hits="11" branch="false" />
            <line number="132" hits="11" branch="false" />
            <line number="134" hits="11" branch="false" />
            <line number="135" hits="11" branch="false" />
            <line number="138" hits="11" branch="false" />
            <line number="139" hits="11" branch="false" />
            <line number="141" hits="11" branch="false" />
            <line number="142" hits="11" branch="false" />
            <line number="144" hits="11" branch="false" />
            <line number="145" hits="11" branch="false" />
            <line number="146" hits="11" branch="false" />
            <line number="147" hits="11" branch="false" />
            <line number="148" hits="11" branch="false" />
            <line number="149" hits="11" branch="false" />
            <line number="150" hits="11" branch="false" />
            <line number="151" hits="11" branch="false" />
            <line number="152" hits="11" branch="false" />
            <line number="153" hits="11" branch="false" />
            <line number="154" hits="11" branch="false" />
            <line number="155" hits="11" branch="false" />
            <line number="156" hits="11" branch="false" />
            <line number="157" hits="11" branch="false" />
            <line number="158" hits="11" branch="false" />
            <line number="159" hits="11" branch="false" />
            <line number="160" hits="11" branch="false" />
            <line number="161" hits="11" branch="false" />
            <line number="162" hits="11" branch="false" />
            <line number="163" hits="11" branch="false" />
            <line number="164" hits="11" branch="false" />
            <line number="165" hits="11" branch="false" />
            <line number="166" hits="11" branch="false" />
            <line number="167" hits="11" branch="false" />
            <line number="168" hits="11" branch="false" />
            <line number="169" hits="11" branch="false" />
            <line number="170" hits="11" branch="false" />
            <line number="171" hits="11" branch="false" />
            <line number="172" hits="11" branch="false" />
            <line number="173" hits="11" branch="false" />
            <line number="174" hits="11" branch="false" />
            <line number="175" hits="11" branch="false" />
            <line number="176" hits="11" branch="false" />
            <line number="177" hits="11" branch="false" />
            <line number="178" hits="11" branch="false" />
            <line number="179" hits="11" branch="false" />
            <line number="180" hits="11" branch="false" />
            <line number="181" hits="11" branch="false" />
            <line number="182" hits="11" branch="false" />
            <line number="183" hits="11" branch="false" />
            <line number="184" hits="11" branch="false" />
            <line number="185" hits="11" branch="false" />
            <line number="186" hits="11" branch="false" />
            <line number="187" hits="11" branch="false" />
            <line number="188" hits="11" branch="false" />
            <line number="189" hits="11" branch="false" />
            <line number="195" hits="11" branch="false" />
            <line number="197" hits="11" branch="false" />
            <line number="198" hits="11" branch="false" />
            <line number="199" hits="11" branch="false" />
            <line number="200" hits="11" branch="false" />
            <line number="201" hits="11" branch="false" />
            <line number="202" hits="11" branch="false" />
            <line number="203" hits="11" branch="false" />
            <line number="204" hits="11" branch="false" />
            <line number="205" hits="11" branch="false" />
            <line number="206" hits="11" branch="false" />
            <line number="207" hits="11" branch="false" />
            <line number="208" hits="11" branch="false" />
            <line number="209" hits="11" branch="false" />
            <line number="210" hits="11" branch="false" />
            <line number="211" hits="11" branch="false" />
            <line number="212" hits="11" branch="false" />
            <line number="213" hits="11" branch="false" />
            <line number="220" hits="11" branch="false" />
            <line number="223" hits="11" branch="false" />
            <line number="225" hits="11" branch="false" />
            <line number="226" hits="11" branch="false" />
            <line number="228" hits="11" branch="false" />
            <line number="229" hits="11" branch="false" />
            <line number="230" hits="11" branch="false" />
            <line number="231" hits="11" branch="false" />
            <line number="232" hits="11" branch="false" />
            <line number="235" hits="11" branch="false" />
            <line number="236" hits="11" branch="false" />
            <line number="237" hits="11" branch="false" />
            <line number="239" hits="11" branch="false" />
            <line number="240" hits="11" branch="false" />
            <line number="241" hits="11" branch="false" />
            <line number="242" hits="11" branch="false" />
            <line number="243" hits="11" branch="false" />
            <line number="245" hits="11" branch="false" />
            <line number="246" hits="11" branch="false" />
            <line number="248" hits="11" branch="true" condition-coverage="50% (1/2)" />
            <line number="249" hits="11" branch="false" />
            <line number="250" hits="11" branch="false" />
            <line number="251" hits="11" branch="false" />
            <line number="253" hits="0" branch="false" />
            <line number="254" hits="0" branch="false" />
            <line number="255" hits="0" branch="false" />
            <line number="256" hits="0" branch="false" />
            <line number="257" hits="0" branch="false" />
            <line number="258" hits="0" branch="false" />
            <line number="259" hits="0" branch="false" />
            <line number="260" hits="0" branch="false" />
            <line number="261" hits="0" branch="false" />
            <line number="263" hits="11" branch="false" />
            <line number="265" hits="11" branch="false" />
            <line number="267" hits="11" branch="false" />
            <line number="271" hits="11" branch="false" />
            <line number="275" hits="11" branch="false" />
            <line number="278" hits="11" branch="false" />
            <line number="280" hits="11" branch="false" />
            <line number="281" hits="11" branch="false" />
            <line number="283" hits="11" branch="false" />
            <line number="285" hits="11" branch="false" />
            <line number="287" hits="11" branch="false" />
            <line number="289" hits="11" branch="false" />
            <line number="290" hits="11" branch="false" />
            <line number="291" hits="11" branch="false" />
          </lines>
        </class>
        <class name="RamzPardakht.WebApi.WeatherForecast" filename="D:\a\RamzPardakht\RamzPardakht\src\RamzPardakht.WebApi\WeatherForecast.cs" line-rate="0" branch-rate="1" complexity="1">
          <methods>
            <method name="get_TemperatureF" signature="()" line-rate="0" branch-rate="1" complexity="1">
              <lines>
                <line number="9" hits="0" branch="false" />
              </lines>
            </method>
          </methods>
          <lines>
            <line number="9" hits="0" branch="false" />
          </lines>
        </class>
        <class name="TypedSignalR.Client.DevTools.EndpointRouteBuilderExtensions" filename="D:\a\RamzPardakht\RamzPardakht\src\RamzPardakht.WebApi\TypedSignalR.Client.DevTools.Specification\TypedSignalR.Client.DevTools.SourceGenerator\TypedSignalR.Client.DevTools.Specification.Core.Generated.cs" line-rate="1" branch-rate="1" complexity="1">
          <methods>
            <method name="GetSpecJsonBytes" signature="()" line-rate="1" branch-rate="1" complexity="1">
              <lines />
            </method>
          </methods>
          <lines />
        </class>
        <class name="TypedSignalR.Client.DevTools.EndpointRouteBuilderExtensions" filename="D:\a\RamzPardakht\RamzPardakht\src\RamzPardakht.WebApi\TypedSignalR.Client.DevTools.Specification\TypedSignalR.Client.DevTools.SourceGenerator\TypedSignalR.Client.DevTools.Specification.Generated.cs" line-rate="1" branch-rate="1" complexity="1">
          <methods>
            <method name="UseSignalRHubSpecification" signature="(Microsoft.AspNetCore.Routing.IEndpointRouteBuilder)" line-rate="1" branch-rate="1" complexity="1">
              <lines />
            </method>
          </methods>
          <lines />
        </class>
      </classes>
    </package>
  </packages>
</coverage>